<errorentry>
	<datetime>2019-10-17 11:27:52 (CST)</datetime>
	<errornum>8</errornum>
	<errortype>Notice</errortype>
	<errormsg>Use of undefined constant I_AM_NOT_DEFINED - assumed 'I_AM_NOT_DEFINED'</errormsg>
	<scriptname>/var/www/practice/W-wsw/test/index.php</scriptname>
	<scriptlinenum>100</scriptlinenum>
</errorentry>

<errorentry>
	<datetime>2019-10-17 11:27:52 (CST)</datetime>
	<errornum>256</errornum>
	<errortype>User Error</errortype>
	<errormsg>Vectors need to be of the same size</errormsg>
	<scriptname>/var/www/practice/W-wsw/test/index.php</scriptname>
	<scriptlinenum>75</scriptlinenum>
	<vartrace><wddxPacket version='1.0'><header><comment>Variables</comment></header><data><struct><var name='vect1'><array length='2'><number>1</number><number>-3</number></array></var><var name='vect2'><array length='3'><number>5.5</number><number>4.3</number><number>-1.6</number></array></var></struct></data></wddxPacket></vartrace>
</errorentry>

<errorentry>
	<datetime>2019-10-17 11:27:52 (CST)</datetime>
	<errornum>256</errornum>
	<errortype>User Error</errortype>
	<errormsg>Incorrect parameters, arrays expected</errormsg>
	<scriptname>/var/www/practice/W-wsw/test/index.php</scriptname>
	<scriptlinenum>70</scriptlinenum>
	<vartrace><wddxPacket version='1.0'><header><comment>Variables</comment></header><data><struct><var name='vect1'><array length='3'><number>5.5</number><number>4.3</number><number>-1.6</number></array></var><var name='vect2'><string>i am not an array</string></var></struct></data></wddxPacket></vartrace>
</errorentry>

<errorentry>
	<datetime>2019-10-17 11:27:52 (CST)</datetime>
	<errornum>512</errornum>
	<errortype>User Warning</errortype>
	<errormsg>Coordinate 2 in vector 1 is not a number, using zero</errormsg>
	<scriptname>/var/www/practice/W-wsw/test/index.php</scriptname>
	<scriptlinenum>84</scriptlinenum>
	<vartrace><wddxPacket version='1.0'><header><comment>Variables</comment></header><data><struct><var name='vect1'><array length='3'><number>2</number><number>3</number><string>foo</string></array></var><var name='vect2'><array length='3'><number>5.5</number><number>4.3</number><number>-1.6</number></array></var><var name='i'><number>2</number></var><var name='c1'><string>foo</string></var><var name='c2'><number>-1.6</number></var><var name='d'><number>0</number></var></struct></data></wddxPacket></vartrace>
</errorentry>

<errorentry>
	<datetime>2019-10-17 11:27:54 (CST)</datetime>
	<errornum>8</errornum>
	<errortype>Notice</errortype>
	<errormsg>Use of undefined constant I_AM_NOT_DEFINED - assumed 'I_AM_NOT_DEFINED'</errormsg>
	<scriptname>/var/www/practice/W-wsw/test/index.php</scriptname>
	<scriptlinenum>100</scriptlinenum>
</errorentry>

<errorentry>
	<datetime>2019-10-17 11:27:54 (CST)</datetime>
	<errornum>256</errornum>
	<errortype>User Error</errortype>
	<errormsg>Vectors need to be of the same size</errormsg>
	<scriptname>/var/www/practice/W-wsw/test/index.php</scriptname>
	<scriptlinenum>75</scriptlinenum>
	<vartrace><wddxPacket version='1.0'><header><comment>Variables</comment></header><data><struct><var name='vect1'><array length='2'><number>1</number><number>-3</number></array></var><var name='vect2'><array length='3'><number>5.5</number><number>4.3</number><number>-1.6</number></array></var></struct></data></wddxPacket></vartrace>
</errorentry>

<errorentry>
	<datetime>2019-10-17 11:27:54 (CST)</datetime>
	<errornum>256</errornum>
	<errortype>User Error</errortype>
	<errormsg>Incorrect parameters, arrays expected</errormsg>
	<scriptname>/var/www/practice/W-wsw/test/index.php</scriptname>
	<scriptlinenum>70</scriptlinenum>
	<vartrace><wddxPacket version='1.0'><header><comment>Variables</comment></header><data><struct><var name='vect1'><array length='3'><number>5.5</number><number>4.3</number><number>-1.6</number></array></var><var name='vect2'><string>i am not an array</string></var></struct></data></wddxPacket></vartrace>
</errorentry>

<errorentry>
	<datetime>2019-10-17 11:27:54 (CST)</datetime>
	<errornum>512</errornum>
	<errortype>User Warning</errortype>
	<errormsg>Coordinate 2 in vector 1 is not a number, using zero</errormsg>
	<scriptname>/var/www/practice/W-wsw/test/index.php</scriptname>
	<scriptlinenum>84</scriptlinenum>
	<vartrace><wddxPacket version='1.0'><header><comment>Variables</comment></header><data><struct><var name='vect1'><array length='3'><number>2</number><number>3</number><string>foo</string></array></var><var name='vect2'><array length='3'><number>5.5</number><number>4.3</number><number>-1.6</number></array></var><var name='i'><number>2</number></var><var name='c1'><string>foo</string></var><var name='c2'><number>-1.6</number></var><var name='d'><number>0</number></var></struct></data></wddxPacket></vartrace>
</errorentry>

<errorentry>
	<datetime>2019-10-17 11:28:02 (CST)</datetime>
	<errornum>8</errornum>
	<errortype>Notice</errortype>
	<errormsg>Use of undefined constant I_AM_NOT_DEFINED - assumed 'I_AM_NOT_DEFINED'</errormsg>
	<scriptname>/var/www/practice/W-wsw/test/index.php</scriptname>
	<scriptlinenum>100</scriptlinenum>
</errorentry>

<errorentry>
	<datetime>2019-10-17 11:28:02 (CST)</datetime>
	<errornum>256</errornum>
	<errortype>User Error</errortype>
	<errormsg>Vectors need to be of the same size</errormsg>
	<scriptname>/var/www/practice/W-wsw/test/index.php</scriptname>
	<scriptlinenum>75</scriptlinenum>
	<vartrace><wddxPacket version='1.0'><header><comment>Variables</comment></header><data><struct><var name='vect1'><array length='2'><number>1</number><number>-3</number></array></var><var name='vect2'><array length='3'><number>5.5</number><number>4.3</number><number>-1.6</number></array></var></struct></data></wddxPacket></vartrace>
</errorentry>

<errorentry>
	<datetime>2019-10-17 11:28:02 (CST)</datetime>
	<errornum>256</errornum>
	<errortype>User Error</errortype>
	<errormsg>Incorrect parameters, arrays expected</errormsg>
	<scriptname>/var/www/practice/W-wsw/test/index.php</scriptname>
	<scriptlinenum>70</scriptlinenum>
	<vartrace><wddxPacket version='1.0'><header><comment>Variables</comment></header><data><struct><var name='vect1'><array length='3'><number>5.5</number><number>4.3</number><number>-1.6</number></array></var><var name='vect2'><string>i am not an array</string></var></struct></data></wddxPacket></vartrace>
</errorentry>

<errorentry>
	<datetime>2019-10-17 11:28:02 (CST)</datetime>
	<errornum>512</errornum>
	<errortype>User Warning</errortype>
	<errormsg>Coordinate 2 in vector 1 is not a number, using zero</errormsg>
	<scriptname>/var/www/practice/W-wsw/test/index.php</scriptname>
	<scriptlinenum>84</scriptlinenum>
	<vartrace><wddxPacket version='1.0'><header><comment>Variables</comment></header><data><struct><var name='vect1'><array length='3'><number>2</number><number>3</number><string>foo</string></array></var><var name='vect2'><array length='3'><number>5.5</number><number>4.3</number><number>-1.6</number></array></var><var name='i'><number>2</number></var><var name='c1'><string>foo</string></var><var name='c2'><number>-1.6</number></var><var name='d'><number>0</number></var></struct></data></wddxPacket></vartrace>
</errorentry>

<errorentry>
	<datetime>2019-10-17 11:28:03 (CST)</datetime>
	<errornum>8</errornum>
	<errortype>Notice</errortype>
	<errormsg>Use of undefined constant I_AM_NOT_DEFINED - assumed 'I_AM_NOT_DEFINED'</errormsg>
	<scriptname>/var/www/practice/W-wsw/test/index.php</scriptname>
	<scriptlinenum>100</scriptlinenum>
</errorentry>

<errorentry>
	<datetime>2019-10-17 11:28:03 (CST)</datetime>
	<errornum>256</errornum>
	<errortype>User Error</errortype>
	<errormsg>Vectors need to be of the same size</errormsg>
	<scriptname>/var/www/practice/W-wsw/test/index.php</scriptname>
	<scriptlinenum>75</scriptlinenum>
	<vartrace><wddxPacket version='1.0'><header><comment>Variables</comment></header><data><struct><var name='vect1'><array length='2'><number>1</number><number>-3</number></array></var><var name='vect2'><array length='3'><number>5.5</number><number>4.3</number><number>-1.6</number></array></var></struct></data></wddxPacket></vartrace>
</errorentry>

<errorentry>
	<datetime>2019-10-17 11:28:03 (CST)</datetime>
	<errornum>256</errornum>
	<errortype>User Error</errortype>
	<errormsg>Incorrect parameters, arrays expected</errormsg>
	<scriptname>/var/www/practice/W-wsw/test/index.php</scriptname>
	<scriptlinenum>70</scriptlinenum>
	<vartrace><wddxPacket version='1.0'><header><comment>Variables</comment></header><data><struct><var name='vect1'><array length='3'><number>5.5</number><number>4.3</number><number>-1.6</number></array></var><var name='vect2'><string>i am not an array</string></var></struct></data></wddxPacket></vartrace>
</errorentry>

<errorentry>
	<datetime>2019-10-17 11:28:03 (CST)</datetime>
	<errornum>512</errornum>
	<errortype>User Warning</errortype>
	<errormsg>Coordinate 2 in vector 1 is not a number, using zero</errormsg>
	<scriptname>/var/www/practice/W-wsw/test/index.php</scriptname>
	<scriptlinenum>84</scriptlinenum>
	<vartrace><wddxPacket version='1.0'><header><comment>Variables</comment></header><data><struct><var name='vect1'><array length='3'><number>2</number><number>3</number><string>foo</string></array></var><var name='vect2'><array length='3'><number>5.5</number><number>4.3</number><number>-1.6</number></array></var><var name='i'><number>2</number></var><var name='c1'><string>foo</string></var><var name='c2'><number>-1.6</number></var><var name='d'><number>0</number></var></struct></data></wddxPacket></vartrace>
</errorentry>

<errorentry>
	<datetime>2019-10-17 11:28:47 (CST)</datetime>
	<errornum>8</errornum>
	<errortype>Notice</errortype>
	<errormsg>Use of undefined constant I_AM_NOT_DEFINED - assumed 'I_AM_NOT_DEFINED'</errormsg>
	<scriptname>/var/www/practice/W-wsw/test/index.php</scriptname>
	<scriptlinenum>15</scriptlinenum>
</errorentry>

<errorentry>
	<datetime>2019-10-17 11:28:47 (CST)</datetime>
	<errornum>256</errornum>
	<errortype>User Error</errortype>
	<errormsg>Vectors need to be of the same size</errormsg>
	<scriptname>/var/www/practice/W-wsw/test/index.php</scriptname>
	<scriptlinenum>94</scriptlinenum>
	<vartrace><wddxPacket version='1.0'><header><comment>Variables</comment></header><data><struct><var name='vect1'><array length='2'><number>1</number><number>-3</number></array></var><var name='vect2'><array length='3'><number>5.5</number><number>4.3</number><number>-1.6</number></array></var></struct></data></wddxPacket></vartrace>
</errorentry>

<errorentry>
	<datetime>2019-10-17 11:28:47 (CST)</datetime>
	<errornum>256</errornum>
	<errortype>User Error</errortype>
	<errormsg>Incorrect parameters, arrays expected</errormsg>
	<scriptname>/var/www/practice/W-wsw/test/index.php</scriptname>
	<scriptlinenum>89</scriptlinenum>
	<vartrace><wddxPacket version='1.0'><header><comment>Variables</comment></header><data><struct><var name='vect1'><array length='3'><number>5.5</number><number>4.3</number><number>-1.6</number></array></var><var name='vect2'><string>i am not an array</string></var></struct></data></wddxPacket></vartrace>
</errorentry>

<errorentry>
	<datetime>2019-10-17 11:28:47 (CST)</datetime>
	<errornum>512</errornum>
	<errortype>User Warning</errortype>
	<errormsg>Coordinate 2 in vector 1 is not a number, using zero</errormsg>
	<scriptname>/var/www/practice/W-wsw/test/index.php</scriptname>
	<scriptlinenum>103</scriptlinenum>
	<vartrace><wddxPacket version='1.0'><header><comment>Variables</comment></header><data><struct><var name='vect1'><array length='3'><number>2</number><number>3</number><string>foo</string></array></var><var name='vect2'><array length='3'><number>5.5</number><number>4.3</number><number>-1.6</number></array></var><var name='i'><number>2</number></var><var name='c1'><string>foo</string></var><var name='c2'><number>-1.6</number></var><var name='d'><number>0</number></var></struct></data></wddxPacket></vartrace>
</errorentry>

<errorentry>
	<datetime>2019-10-17 11:28:48 (CST)</datetime>
	<errornum>8</errornum>
	<errortype>Notice</errortype>
	<errormsg>Use of undefined constant I_AM_NOT_DEFINED - assumed 'I_AM_NOT_DEFINED'</errormsg>
	<scriptname>/var/www/practice/W-wsw/test/index.php</scriptname>
	<scriptlinenum>15</scriptlinenum>
</errorentry>

<errorentry>
	<datetime>2019-10-17 11:28:48 (CST)</datetime>
	<errornum>256</errornum>
	<errortype>User Error</errortype>
	<errormsg>Vectors need to be of the same size</errormsg>
	<scriptname>/var/www/practice/W-wsw/test/index.php</scriptname>
	<scriptlinenum>94</scriptlinenum>
	<vartrace><wddxPacket version='1.0'><header><comment>Variables</comment></header><data><struct><var name='vect1'><array length='2'><number>1</number><number>-3</number></array></var><var name='vect2'><array length='3'><number>5.5</number><number>4.3</number><number>-1.6</number></array></var></struct></data></wddxPacket></vartrace>
</errorentry>

<errorentry>
	<datetime>2019-10-17 11:28:48 (CST)</datetime>
	<errornum>256</errornum>
	<errortype>User Error</errortype>
	<errormsg>Incorrect parameters, arrays expected</errormsg>
	<scriptname>/var/www/practice/W-wsw/test/index.php</scriptname>
	<scriptlinenum>89</scriptlinenum>
	<vartrace><wddxPacket version='1.0'><header><comment>Variables</comment></header><data><struct><var name='vect1'><array length='3'><number>5.5</number><number>4.3</number><number>-1.6</number></array></var><var name='vect2'><string>i am not an array</string></var></struct></data></wddxPacket></vartrace>
</errorentry>

<errorentry>
	<datetime>2019-10-17 11:28:48 (CST)</datetime>
	<errornum>512</errornum>
	<errortype>User Warning</errortype>
	<errormsg>Coordinate 2 in vector 1 is not a number, using zero</errormsg>
	<scriptname>/var/www/practice/W-wsw/test/index.php</scriptname>
	<scriptlinenum>103</scriptlinenum>
	<vartrace><wddxPacket version='1.0'><header><comment>Variables</comment></header><data><struct><var name='vect1'><array length='3'><number>2</number><number>3</number><string>foo</string></array></var><var name='vect2'><array length='3'><number>5.5</number><number>4.3</number><number>-1.6</number></array></var><var name='i'><number>2</number></var><var name='c1'><string>foo</string></var><var name='c2'><number>-1.6</number></var><var name='d'><number>0</number></var></struct></data></wddxPacket></vartrace>
</errorentry>

<errorentry>
	<datetime>2019-10-17 11:29:32 (CST)</datetime>
	<errornum>8</errornum>
	<errortype>Notice</errortype>
	<errormsg>Use of undefined constant I_AM_NOT_DEFINED - assumed 'I_AM_NOT_DEFINED'</errormsg>
	<scriptname>/var/www/practice/W-wsw/test/index.php</scriptname>
	<scriptlinenum>15</scriptlinenum>
</errorentry>

<errorentry>
	<datetime>2019-10-17 11:29:32 (CST)</datetime>
	<errornum>8</errornum>
	<errortype>Notice</errortype>
	<errormsg>Use of undefined constant I_AM_NOT_DEFINED - assumed 'I_AM_NOT_DEFINED'</errormsg>
	<scriptname>/var/www/practice/W-wsw/test/index.php</scriptname>
	<scriptlinenum>16</scriptlinenum>
</errorentry>

<errorentry>
	<datetime>2019-10-17 11:29:32 (CST)</datetime>
	<errornum>256</errornum>
	<errortype>User Error</errortype>
	<errormsg>Vectors need to be of the same size</errormsg>
	<scriptname>/var/www/practice/W-wsw/test/index.php</scriptname>
	<scriptlinenum>94</scriptlinenum>
	<vartrace><wddxPacket version='1.0'><header><comment>Variables</comment></header><data><struct><var name='vect1'><array length='2'><number>1</number><number>-3</number></array></var><var name='vect2'><array length='3'><number>5.5</number><number>4.3</number><number>-1.6</number></array></var></struct></data></wddxPacket></vartrace>
</errorentry>

<errorentry>
	<datetime>2019-10-17 11:29:32 (CST)</datetime>
	<errornum>256</errornum>
	<errortype>User Error</errortype>
	<errormsg>Incorrect parameters, arrays expected</errormsg>
	<scriptname>/var/www/practice/W-wsw/test/index.php</scriptname>
	<scriptlinenum>89</scriptlinenum>
	<vartrace><wddxPacket version='1.0'><header><comment>Variables</comment></header><data><struct><var name='vect1'><array length='3'><number>5.5</number><number>4.3</number><number>-1.6</number></array></var><var name='vect2'><string>i am not an array</string></var></struct></data></wddxPacket></vartrace>
</errorentry>

<errorentry>
	<datetime>2019-10-17 11:29:32 (CST)</datetime>
	<errornum>512</errornum>
	<errortype>User Warning</errortype>
	<errormsg>Coordinate 2 in vector 1 is not a number, using zero</errormsg>
	<scriptname>/var/www/practice/W-wsw/test/index.php</scriptname>
	<scriptlinenum>103</scriptlinenum>
	<vartrace><wddxPacket version='1.0'><header><comment>Variables</comment></header><data><struct><var name='vect1'><array length='3'><number>2</number><number>3</number><string>foo</string></array></var><var name='vect2'><array length='3'><number>5.5</number><number>4.3</number><number>-1.6</number></array></var><var name='i'><number>2</number></var><var name='c1'><string>foo</string></var><var name='c2'><number>-1.6</number></var><var name='d'><number>0</number></var></struct></data></wddxPacket></vartrace>
</errorentry>

<errorentry>
	<datetime>2019-10-17 11:30:17 (CST)</datetime>
	<errornum>8</errornum>
	<errortype>Notice</errortype>
	<errormsg>Use of undefined constant I_AM_NOT_DEFINED - assumed 'I_AM_NOT_DEFINED'</errormsg>
	<scriptname>/var/www/practice/W-wsw/test/index.php</scriptname>
	<scriptlinenum>15</scriptlinenum>
</errorentry>

<errorentry>
	<datetime>2019-10-17 11:30:17 (CST)</datetime>
	<errornum>256</errornum>
	<errortype>User Error</errortype>
	<errormsg>Vectors need to be of the same size</errormsg>
	<scriptname>/var/www/practice/W-wsw/test/index.php</scriptname>
	<scriptlinenum>94</scriptlinenum>
	<vartrace><wddxPacket version='1.0'><header><comment>Variables</comment></header><data><struct><var name='vect1'><array length='2'><number>1</number><number>-3</number></array></var><var name='vect2'><array length='3'><number>5.5</number><number>4.3</number><number>-1.6</number></array></var></struct></data></wddxPacket></vartrace>
</errorentry>

<errorentry>
	<datetime>2019-10-17 11:30:17 (CST)</datetime>
	<errornum>256</errornum>
	<errortype>User Error</errortype>
	<errormsg>Incorrect parameters, arrays expected</errormsg>
	<scriptname>/var/www/practice/W-wsw/test/index.php</scriptname>
	<scriptlinenum>89</scriptlinenum>
	<vartrace><wddxPacket version='1.0'><header><comment>Variables</comment></header><data><struct><var name='vect1'><array length='3'><number>5.5</number><number>4.3</number><number>-1.6</number></array></var><var name='vect2'><string>i am not an array</string></var></struct></data></wddxPacket></vartrace>
</errorentry>

<errorentry>
	<datetime>2019-10-17 11:30:17 (CST)</datetime>
	<errornum>512</errornum>
	<errortype>User Warning</errortype>
	<errormsg>Coordinate 2 in vector 1 is not a number, using zero</errormsg>
	<scriptname>/var/www/practice/W-wsw/test/index.php</scriptname>
	<scriptlinenum>103</scriptlinenum>
	<vartrace><wddxPacket version='1.0'><header><comment>Variables</comment></header><data><struct><var name='vect1'><array length='3'><number>2</number><number>3</number><string>foo</string></array></var><var name='vect2'><array length='3'><number>5.5</number><number>4.3</number><number>-1.6</number></array></var><var name='i'><number>2</number></var><var name='c1'><string>foo</string></var><var name='c2'><number>-1.6</number></var><var name='d'><number>0</number></var></struct></data></wddxPacket></vartrace>
</errorentry>

<errorentry>
	<datetime>2019-10-17 11:30:18 (CST)</datetime>
	<errornum>8</errornum>
	<errortype>Notice</errortype>
	<errormsg>Use of undefined constant I_AM_NOT_DEFINED - assumed 'I_AM_NOT_DEFINED'</errormsg>
	<scriptname>/var/www/practice/W-wsw/test/index.php</scriptname>
	<scriptlinenum>15</scriptlinenum>
</errorentry>

<errorentry>
	<datetime>2019-10-17 11:30:18 (CST)</datetime>
	<errornum>256</errornum>
	<errortype>User Error</errortype>
	<errormsg>Vectors need to be of the same size</errormsg>
	<scriptname>/var/www/practice/W-wsw/test/index.php</scriptname>
	<scriptlinenum>94</scriptlinenum>
	<vartrace><wddxPacket version='1.0'><header><comment>Variables</comment></header><data><struct><var name='vect1'><array length='2'><number>1</number><number>-3</number></array></var><var name='vect2'><array length='3'><number>5.5</number><number>4.3</number><number>-1.6</number></array></var></struct></data></wddxPacket></vartrace>
</errorentry>

<errorentry>
	<datetime>2019-10-17 11:30:18 (CST)</datetime>
	<errornum>256</errornum>
	<errortype>User Error</errortype>
	<errormsg>Incorrect parameters, arrays expected</errormsg>
	<scriptname>/var/www/practice/W-wsw/test/index.php</scriptname>
	<scriptlinenum>89</scriptlinenum>
	<vartrace><wddxPacket version='1.0'><header><comment>Variables</comment></header><data><struct><var name='vect1'><array length='3'><number>5.5</number><number>4.3</number><number>-1.6</number></array></var><var name='vect2'><string>i am not an array</string></var></struct></data></wddxPacket></vartrace>
</errorentry>

<errorentry>
	<datetime>2019-10-17 11:30:18 (CST)</datetime>
	<errornum>512</errornum>
	<errortype>User Warning</errortype>
	<errormsg>Coordinate 2 in vector 1 is not a number, using zero</errormsg>
	<scriptname>/var/www/practice/W-wsw/test/index.php</scriptname>
	<scriptlinenum>103</scriptlinenum>
	<vartrace><wddxPacket version='1.0'><header><comment>Variables</comment></header><data><struct><var name='vect1'><array length='3'><number>2</number><number>3</number><string>foo</string></array></var><var name='vect2'><array length='3'><number>5.5</number><number>4.3</number><number>-1.6</number></array></var><var name='i'><number>2</number></var><var name='c1'><string>foo</string></var><var name='c2'><number>-1.6</number></var><var name='d'><number>0</number></var></struct></data></wddxPacket></vartrace>
</errorentry>

<errorentry>
	<datetime>2019-10-17 11:30:40 (CST)</datetime>
	<errornum>8</errornum>
	<errortype>Notice</errortype>
	<errormsg>Use of undefined constant I_AM_NOT_DEFINED - assumed 'I_AM_NOT_DEFINED'</errormsg>
	<scriptname>/var/www/practice/W-wsw/test/index.php</scriptname>
	<scriptlinenum>15</scriptlinenum>
</errorentry>

<errorentry>
	<datetime>2019-10-17 11:30:40 (CST)</datetime>
	<errornum>256</errornum>
	<errortype>User Error</errortype>
	<errormsg>Vectors need to be of the same size</errormsg>
	<scriptname>/var/www/practice/W-wsw/test/index.php</scriptname>
	<scriptlinenum>95</scriptlinenum>
	<vartrace><wddxPacket version='1.0'><header><comment>Variables</comment></header><data><struct><var name='vect1'><array length='2'><number>1</number><number>-3</number></array></var><var name='vect2'><array length='3'><number>5.5</number><number>4.3</number><number>-1.6</number></array></var></struct></data></wddxPacket></vartrace>
</errorentry>

<errorentry>
	<datetime>2019-10-17 11:30:40 (CST)</datetime>
	<errornum>256</errornum>
	<errortype>User Error</errortype>
	<errormsg>Incorrect parameters, arrays expected</errormsg>
	<scriptname>/var/www/practice/W-wsw/test/index.php</scriptname>
	<scriptlinenum>90</scriptlinenum>
	<vartrace><wddxPacket version='1.0'><header><comment>Variables</comment></header><data><struct><var name='vect1'><array length='3'><number>5.5</number><number>4.3</number><number>-1.6</number></array></var><var name='vect2'><string>i am not an array</string></var></struct></data></wddxPacket></vartrace>
</errorentry>

<errorentry>
	<datetime>2019-10-17 11:30:40 (CST)</datetime>
	<errornum>512</errornum>
	<errortype>User Warning</errortype>
	<errormsg>Coordinate 2 in vector 1 is not a number, using zero</errormsg>
	<scriptname>/var/www/practice/W-wsw/test/index.php</scriptname>
	<scriptlinenum>104</scriptlinenum>
	<vartrace><wddxPacket version='1.0'><header><comment>Variables</comment></header><data><struct><var name='vect1'><array length='3'><number>2</number><number>3</number><string>foo</string></array></var><var name='vect2'><array length='3'><number>5.5</number><number>4.3</number><number>-1.6</number></array></var><var name='i'><number>2</number></var><var name='c1'><string>foo</string></var><var name='c2'><number>-1.6</number></var><var name='d'><number>0</number></var></struct></data></wddxPacket></vartrace>
</errorentry>

<errorentry>
	<datetime>2019-10-17 11:31:30 (CST)</datetime>
	<errornum>8</errornum>
	<errortype>Notice</errortype>
	<errormsg>Use of undefined constant I_AM_NOT_DEFINED - assumed 'I_AM_NOT_DEFINED'</errormsg>
	<scriptname>/var/www/practice/W-wsw/test/index.php</scriptname>
	<scriptlinenum>15</scriptlinenum>
</errorentry>

<errorentry>
	<datetime>2019-10-17 11:31:30 (CST)</datetime>
	<errornum>256</errornum>
	<errortype>User Error</errortype>
	<errormsg>Vectors need to be of the same size</errormsg>
	<scriptname>/var/www/practice/W-wsw/test/index.php</scriptname>
	<scriptlinenum>94</scriptlinenum>
	<vartrace><wddxPacket version='1.0'><header><comment>Variables</comment></header><data><struct><var name='vect1'><array length='2'><number>1</number><number>-3</number></array></var><var name='vect2'><array length='3'><number>5.5</number><number>4.3</number><number>-1.6</number></array></var></struct></data></wddxPacket></vartrace>
</errorentry>

<errorentry>
	<datetime>2019-10-17 11:31:30 (CST)</datetime>
	<errornum>256</errornum>
	<errortype>User Error</errortype>
	<errormsg>Incorrect parameters, arrays expected</errormsg>
	<scriptname>/var/www/practice/W-wsw/test/index.php</scriptname>
	<scriptlinenum>89</scriptlinenum>
	<vartrace><wddxPacket version='1.0'><header><comment>Variables</comment></header><data><struct><var name='vect1'><array length='3'><number>5.5</number><number>4.3</number><number>-1.6</number></array></var><var name='vect2'><string>i am not an array</string></var></struct></data></wddxPacket></vartrace>
</errorentry>

<errorentry>
	<datetime>2019-10-17 11:31:30 (CST)</datetime>
	<errornum>512</errornum>
	<errortype>User Warning</errortype>
	<errormsg>Coordinate 2 in vector 1 is not a number, using zero</errormsg>
	<scriptname>/var/www/practice/W-wsw/test/index.php</scriptname>
	<scriptlinenum>103</scriptlinenum>
	<vartrace><wddxPacket version='1.0'><header><comment>Variables</comment></header><data><struct><var name='vect1'><array length='3'><number>2</number><number>3</number><string>foo</string></array></var><var name='vect2'><array length='3'><number>5.5</number><number>4.3</number><number>-1.6</number></array></var><var name='i'><number>2</number></var><var name='c1'><string>foo</string></var><var name='c2'><number>-1.6</number></var><var name='d'><number>0</number></var></struct></data></wddxPacket></vartrace>
</errorentry>

<errorentry>
	<datetime>2019-10-17 11:31:54 (CST)</datetime>
	<errornum>8</errornum>
	<errortype>Notice</errortype>
	<errormsg>Use of undefined constant I_AM_NOT_DEFINED - assumed 'I_AM_NOT_DEFINED'</errormsg>
	<scriptname>/var/www/practice/W-wsw/test/index.php</scriptname>
	<scriptlinenum>15</scriptlinenum>
</errorentry>

<errorentry>
	<datetime>2019-10-17 11:31:54 (CST)</datetime>
	<errornum>256</errornum>
	<errortype>User Error</errortype>
	<errormsg>Vectors need to be of the same size</errormsg>
	<scriptname>/var/www/practice/W-wsw/test/index.php</scriptname>
	<scriptlinenum>94</scriptlinenum>
	<vartrace><wddxPacket version='1.0'><header><comment>Variables</comment></header><data><struct><var name='vect1'><array length='2'><number>1</number><number>-3</number></array></var><var name='vect2'><array length='3'><number>5.5</number><number>4.3</number><number>-1.6</number></array></var></struct></data></wddxPacket></vartrace>
</errorentry>

<errorentry>
	<datetime>2019-10-17 11:31:54 (CST)</datetime>
	<errornum>256</errornum>
	<errortype>User Error</errortype>
	<errormsg>Incorrect parameters, arrays expected</errormsg>
	<scriptname>/var/www/practice/W-wsw/test/index.php</scriptname>
	<scriptlinenum>89</scriptlinenum>
	<vartrace><wddxPacket version='1.0'><header><comment>Variables</comment></header><data><struct><var name='vect1'><array length='3'><number>5.5</number><number>4.3</number><number>-1.6</number></array></var><var name='vect2'><string>i am not an array</string></var></struct></data></wddxPacket></vartrace>
</errorentry>

<errorentry>
	<datetime>2019-10-17 11:31:54 (CST)</datetime>
	<errornum>512</errornum>
	<errortype>User Warning</errortype>
	<errormsg>Coordinate 2 in vector 1 is not a number, using zero</errormsg>
	<scriptname>/var/www/practice/W-wsw/test/index.php</scriptname>
	<scriptlinenum>103</scriptlinenum>
	<vartrace><wddxPacket version='1.0'><header><comment>Variables</comment></header><data><struct><var name='vect1'><array length='3'><number>2</number><number>3</number><string>foo</string></array></var><var name='vect2'><array length='3'><number>5.5</number><number>4.3</number><number>-1.6</number></array></var><var name='i'><number>2</number></var><var name='c1'><string>foo</string></var><var name='c2'><number>-1.6</number></var><var name='d'><number>0</number></var></struct></data></wddxPacket></vartrace>
</errorentry>

<errorentry>
	<datetime>2019-10-17 11:32:41 (CST)</datetime>
	<errornum>8</errornum>
	<errortype>Notice</errortype>
	<errormsg>Use of undefined constant I_AM_NOT_DEFINED - assumed 'I_AM_NOT_DEFINED'</errormsg>
	<scriptname>/var/www/practice/W-wsw/test/index.php</scriptname>
	<scriptlinenum>15</scriptlinenum>
</errorentry>

<errorentry>
	<datetime>2019-10-17 11:39:12 (CST)</datetime>
	<errornum>8</errornum>
	<errortype>Notice</errortype>
	<errormsg>Use of undefined constant I_AM_NOT_DEFINED - assumed 'I_AM_NOT_DEFINED'</errormsg>
	<scriptname>/var/www/practice/W-wsw/test/index.php</scriptname>
	<scriptlinenum>15</scriptlinenum>
</errorentry>

<errorentry>
	<datetime>2019-10-17 11:39:12 (CST)</datetime>
	<errornum>256</errornum>
	<errortype>User Error</errortype>
	<errormsg>Vectors need to be of the same size</errormsg>
	<scriptname>/var/www/practice/W-wsw/test/index.php</scriptname>
	<scriptlinenum>94</scriptlinenum>
	<vartrace><wddxPacket version='1.0'><header><comment>Variables</comment></header><data><struct><var name='vect1'><array length='2'><number>1</number><number>-3</number></array></var><var name='vect2'><array length='3'><number>5.5</number><number>4.3</number><number>-1.6</number></array></var></struct></data></wddxPacket></vartrace>
</errorentry>

<errorentry>
	<datetime>2019-10-17 11:39:12 (CST)</datetime>
	<errornum>256</errornum>
	<errortype>User Error</errortype>
	<errormsg>Incorrect parameters, arrays expected</errormsg>
	<scriptname>/var/www/practice/W-wsw/test/index.php</scriptname>
	<scriptlinenum>89</scriptlinenum>
	<vartrace><wddxPacket version='1.0'><header><comment>Variables</comment></header><data><struct><var name='vect1'><array length='3'><number>5.5</number><number>4.3</number><number>-1.6</number></array></var><var name='vect2'><string>i am not an array</string></var></struct></data></wddxPacket></vartrace>
</errorentry>

<errorentry>
	<datetime>2019-10-17 11:39:12 (CST)</datetime>
	<errornum>512</errornum>
	<errortype>User Warning</errortype>
	<errormsg>Coordinate 2 in vector 1 is not a number, using zero</errormsg>
	<scriptname>/var/www/practice/W-wsw/test/index.php</scriptname>
	<scriptlinenum>103</scriptlinenum>
	<vartrace><wddxPacket version='1.0'><header><comment>Variables</comment></header><data><struct><var name='vect1'><array length='3'><number>2</number><number>3</number><string>foo</string></array></var><var name='vect2'><array length='3'><number>5.5</number><number>4.3</number><number>-1.6</number></array></var><var name='i'><number>2</number></var><var name='c1'><string>foo</string></var><var name='c2'><number>-1.6</number></var><var name='d'><number>0</number></var></struct></data></wddxPacket></vartrace>
</errorentry>

<errorentry>
	<datetime>2019-10-17 11:39:48 (CST)</datetime>
	<errornum>8</errornum>
	<errortype>Notice</errortype>
	<errormsg>Use of undefined constant I_AM_NOT_DEFINED - assumed 'I_AM_NOT_DEFINED'</errormsg>
	<scriptname>/var/www/practice/W-wsw/test/index.php</scriptname>
	<scriptlinenum>15</scriptlinenum>
</errorentry>

<errorentry>
	<datetime>2019-10-17 11:39:48 (CST)</datetime>
	<errornum>256</errornum>
	<errortype>User Error</errortype>
	<errormsg>Vectors need to be of the same size</errormsg>
	<scriptname>/var/www/practice/W-wsw/test/index.php</scriptname>
	<scriptlinenum>95</scriptlinenum>
	<vartrace><wddxPacket version='1.0'><header><comment>Variables</comment></header><data><struct><var name='vect1'><array length='2'><number>1</number><number>-3</number></array></var><var name='vect2'><array length='3'><number>5.5</number><number>4.3</number><number>-1.6</number></array></var></struct></data></wddxPacket></vartrace>
</errorentry>

<errorentry>
	<datetime>2019-10-17 11:39:48 (CST)</datetime>
	<errornum>256</errornum>
	<errortype>User Error</errortype>
	<errormsg>Incorrect parameters, arrays expected</errormsg>
	<scriptname>/var/www/practice/W-wsw/test/index.php</scriptname>
	<scriptlinenum>89</scriptlinenum>
	<vartrace><wddxPacket version='1.0'><header><comment>Variables</comment></header><data><struct><var name='vect1'><array length='3'><number>5.5</number><number>4.3</number><number>-1.6</number></array></var><var name='vect2'><string>i am not an array</string></var></struct></data></wddxPacket></vartrace>
</errorentry>

<errorentry>
	<datetime>2019-10-17 11:39:48 (CST)</datetime>
	<errornum>512</errornum>
	<errortype>User Warning</errortype>
	<errormsg>Coordinate 2 in vector 1 is not a number, using zero</errormsg>
	<scriptname>/var/www/practice/W-wsw/test/index.php</scriptname>
	<scriptlinenum>104</scriptlinenum>
	<vartrace><wddxPacket version='1.0'><header><comment>Variables</comment></header><data><struct><var name='vect1'><array length='3'><number>2</number><number>3</number><string>foo</string></array></var><var name='vect2'><array length='3'><number>5.5</number><number>4.3</number><number>-1.6</number></array></var><var name='i'><number>2</number></var><var name='c1'><string>foo</string></var><var name='c2'><number>-1.6</number></var><var name='d'><number>0</number></var></struct></data></wddxPacket></vartrace>
</errorentry>

<errorentry>
	<datetime>2019-10-17 11:46:23 (CST)</datetime>
	<errornum>8</errornum>
	<errortype>Notice</errortype>
	<errormsg>Use of undefined constant I_AM_NOT_DEFINED - assumed 'I_AM_NOT_DEFINED'</errormsg>
	<scriptname>/var/www/practice/W-wsw/test/index.php</scriptname>
	<scriptlinenum>15</scriptlinenum>
</errorentry>

<errorentry>
	<datetime>2019-10-17 11:46:23 (CST)</datetime>
	<errornum>256</errornum>
	<errortype>User Error</errortype>
	<errormsg>Vectors need to be of the same size</errormsg>
	<scriptname>/var/www/practice/W-wsw/test/index.php</scriptname>
	<scriptlinenum>94</scriptlinenum>
	<vartrace><wddxPacket version='1.0'><header><comment>Variables</comment></header><data><struct><var name='vect1'><array length='2'><number>1</number><number>-3</number></array></var><var name='vect2'><array length='3'><number>5.5</number><number>4.3</number><number>-1.6</number></array></var></struct></data></wddxPacket></vartrace>
</errorentry>

<errorentry>
	<datetime>2019-10-17 11:46:23 (CST)</datetime>
	<errornum>256</errornum>
	<errortype>User Error</errortype>
	<errormsg>Incorrect parameters, arrays expected</errormsg>
	<scriptname>/var/www/practice/W-wsw/test/index.php</scriptname>
	<scriptlinenum>89</scriptlinenum>
	<vartrace><wddxPacket version='1.0'><header><comment>Variables</comment></header><data><struct><var name='vect1'><array length='3'><number>5.5</number><number>4.3</number><number>-1.6</number></array></var><var name='vect2'><string>i am not an array</string></var></struct></data></wddxPacket></vartrace>
</errorentry>

<errorentry>
	<datetime>2019-10-17 11:46:23 (CST)</datetime>
	<errornum>512</errornum>
	<errortype>User Warning</errortype>
	<errormsg>Coordinate 2 in vector 1 is not a number, using zero</errormsg>
	<scriptname>/var/www/practice/W-wsw/test/index.php</scriptname>
	<scriptlinenum>103</scriptlinenum>
	<vartrace><wddxPacket version='1.0'><header><comment>Variables</comment></header><data><struct><var name='vect1'><array length='3'><number>2</number><number>3</number><string>foo</string></array></var><var name='vect2'><array length='3'><number>5.5</number><number>4.3</number><number>-1.6</number></array></var><var name='i'><number>2</number></var><var name='c1'><string>foo</string></var><var name='c2'><number>-1.6</number></var><var name='d'><number>0</number></var></struct></data></wddxPacket></vartrace>
</errorentry>

<errorentry>
	<datetime>2019-10-17 13:35:59 (CST)</datetime>
	<errornum>8</errornum>
	<errortype>Notice</errortype>
	<errormsg>Use of undefined constant I_AM_NOT_DEFINED - assumed 'I_AM_NOT_DEFINED'</errormsg>
	<scriptname>/var/www/practice/W-wsw/test/index.php</scriptname>
	<scriptlinenum>15</scriptlinenum>
</errorentry>

<errorentry>
	<datetime>2019-10-17 13:35:59 (CST)</datetime>
	<errornum>256</errornum>
	<errortype>User Error</errortype>
	<errormsg>Vectors need to be of the same size</errormsg>
	<scriptname>/var/www/practice/W-wsw/test/index.php</scriptname>
	<scriptlinenum>94</scriptlinenum>
	<vartrace><wddxPacket version='1.0'><header><comment>Variables</comment></header><data><struct><var name='vect1'><array length='2'><number>1</number><number>-3</number></array></var><var name='vect2'><array length='3'><number>5.5</number><number>4.3</number><number>-1.6</number></array></var></struct></data></wddxPacket></vartrace>
</errorentry>

<errorentry>
	<datetime>2019-10-17 13:35:59 (CST)</datetime>
	<errornum>256</errornum>
	<errortype>User Error</errortype>
	<errormsg>Incorrect parameters, arrays expected</errormsg>
	<scriptname>/var/www/practice/W-wsw/test/index.php</scriptname>
	<scriptlinenum>89</scriptlinenum>
	<vartrace><wddxPacket version='1.0'><header><comment>Variables</comment></header><data><struct><var name='vect1'><array length='3'><number>5.5</number><number>4.3</number><number>-1.6</number></array></var><var name='vect2'><string>i am not an array</string></var></struct></data></wddxPacket></vartrace>
</errorentry>

<errorentry>
	<datetime>2019-10-17 13:35:59 (CST)</datetime>
	<errornum>512</errornum>
	<errortype>User Warning</errortype>
	<errormsg>Coordinate 2 in vector 1 is not a number, using zero</errormsg>
	<scriptname>/var/www/practice/W-wsw/test/index.php</scriptname>
	<scriptlinenum>103</scriptlinenum>
	<vartrace><wddxPacket version='1.0'><header><comment>Variables</comment></header><data><struct><var name='vect1'><array length='3'><number>2</number><number>3</number><string>foo</string></array></var><var name='vect2'><array length='3'><number>5.5</number><number>4.3</number><number>-1.6</number></array></var><var name='i'><number>2</number></var><var name='c1'><string>foo</string></var><var name='c2'><number>-1.6</number></var><var name='d'><number>0</number></var></struct></data></wddxPacket></vartrace>
</errorentry>

<errorentry>
	<datetime>2019-10-17 13:54:46 (CST)</datetime>
	<errornum>8</errornum>
	<errortype>Notice</errortype>
	<errormsg>Use of undefined constant I_AM_NOT_DEFINED - assumed 'I_AM_NOT_DEFINED'</errormsg>
	<scriptname>/var/www/practice/W-wsw/test/index.php</scriptname>
	<scriptlinenum>15</scriptlinenum>
</errorentry>

<errorentry>
	<datetime>2019-10-17 13:54:46 (CST)</datetime>
	<errornum>256</errornum>
	<errortype>User Error</errortype>
	<errormsg>Vectors need to be of the same size</errormsg>
	<scriptname>/var/www/practice/W-wsw/test/index.php</scriptname>
	<scriptlinenum>94</scriptlinenum>
	<vartrace><wddxPacket version='1.0'><header><comment>Variables</comment></header><data><struct><var name='vect1'><array length='2'><number>1</number><number>-3</number></array></var><var name='vect2'><array length='3'><number>5.5</number><number>4.3</number><number>-1.6</number></array></var></struct></data></wddxPacket></vartrace>
</errorentry>

<errorentry>
	<datetime>2019-10-17 13:54:46 (CST)</datetime>
	<errornum>256</errornum>
	<errortype>User Error</errortype>
	<errormsg>Incorrect parameters, arrays expected</errormsg>
	<scriptname>/var/www/practice/W-wsw/test/index.php</scriptname>
	<scriptlinenum>89</scriptlinenum>
	<vartrace><wddxPacket version='1.0'><header><comment>Variables</comment></header><data><struct><var name='vect1'><array length='3'><number>5.5</number><number>4.3</number><number>-1.6</number></array></var><var name='vect2'><string>i am not an array</string></var></struct></data></wddxPacket></vartrace>
</errorentry>

<errorentry>
	<datetime>2019-10-17 13:54:46 (CST)</datetime>
	<errornum>512</errornum>
	<errortype>User Warning</errortype>
	<errormsg>Coordinate 2 in vector 1 is not a number, using zero</errormsg>
	<scriptname>/var/www/practice/W-wsw/test/index.php</scriptname>
	<scriptlinenum>103</scriptlinenum>
	<vartrace><wddxPacket version='1.0'><header><comment>Variables</comment></header><data><struct><var name='vect1'><array length='3'><number>2</number><number>3</number><string>foo</string></array></var><var name='vect2'><array length='3'><number>5.5</number><number>4.3</number><number>-1.6</number></array></var><var name='i'><number>2</number></var><var name='c1'><string>foo</string></var><var name='c2'><number>-1.6</number></var><var name='d'><number>0</number></var></struct></data></wddxPacket></vartrace>
</errorentry>

